{
  "RSpec": {
    "coverage": {
      "/Users/rickclark/Documents/Makers/makersbnb/app/app.rb": [
        1,
        1,
        1,
        1,
        null,
        1,
        1,
        null,
        1,
        1,
        1,
        1,
        null,
        1
      ],
      "/Users/rickclark/Documents/Makers/makersbnb/app/dmconfig.rb": [
        1,
        1,
        null,
        1,
        1,
        1,
        null,
        1,
        1
      ],
      "/Users/rickclark/Documents/Makers/makersbnb/app/models/space.rb": [
        1,
        null,
        1,
        null,
        1,
        null,
        1,
        1,
        1,
        1,
        1,
        1,
        1,
        null,
        1,
        1,
        null,
        1,
        20,
        4,
        null,
        null,
        null,
        null
      ],
      "/Users/rickclark/Documents/Makers/makersbnb/app/models/user.rb": [
        1,
        1,
        null,
        1,
        1,
        null,
        1,
        1,
        1,
        1,
        1,
        null,
        1,
        1,
        null,
        1,
        1,
        null,
        1,
        null,
        1,
        10,
        10,
        8,
        null,
        null,
        null,
        null,
        null
      ],
      "/Users/rickclark/Documents/Makers/makersbnb/app/models/request.rb": [
        1,
        null,
        1,
        1,
        null,
        1,
        1,
        1,
        null,
        1,
        1,
        null
      ],
      "/Users/rickclark/Documents/Makers/makersbnb/app/server.rb": [
        1,
        null,
        1,
        1,
        1,
        1,
        1,
        1,
        1,
        1,
        null,
        1,
        1,
        335,
        null,
        null,
        null,
        1,
        86,
        null,
        null
      ],
      "/Users/rickclark/Documents/Makers/makersbnb/app/controllers/users.rb": [
        1,
        1,
        36,
        36,
        null,
        null,
        1,
        36,
        null,
        null,
        null,
        null,
        36,
        34,
        34,
        null,
        2,
        2,
        2,
        null,
        null,
        null
      ],
      "/Users/rickclark/Documents/Makers/makersbnb/app/controllers/spaces.rb": [
        1,
        null,
        1,
        1,
        86,
        null,
        null,
        null,
        1,
        86,
        86,
        86,
        null,
        null,
        1,
        25,
        25,
        null,
        null,
        1,
        19,
        null,
        null,
        null,
        null,
        null,
        null,
        19,
        13,
        null,
        6,
        6,
        null,
        6,
        null,
        null,
        null,
        1,
        11,
        11,
        11,
        null,
        null
      ],
      "/Users/rickclark/Documents/Makers/makersbnb/app/controllers/sessions.rb": [
        1,
        null,
        1,
        8,
        8,
        null,
        null,
        1,
        8,
        8,
        7,
        7,
        null,
        1,
        1,
        1,
        null,
        null,
        null,
        1,
        15,
        15,
        15,
        null,
        null
      ],
      "/Users/rickclark/Documents/Makers/makersbnb/app/controllers/requests.rb": [
        1,
        null,
        1,
        9,
        9,
        9,
        8,
        null,
        null,
        null,
        8,
        8,
        null,
        1,
        1,
        1,
        null,
        null,
        null,
        1,
        12,
        12,
        12,
        12,
        null,
        null,
        1,
        5,
        5,
        5,
        null,
        null,
        1,
        4,
        4,
        4,
        null,
        null
      ],
      "/Users/rickclark/Documents/Makers/makersbnb/spec/web_helpers.rb": [
        1,
        28,
        28,
        28,
        28,
        28,
        28,
        28,
        null,
        null,
        1,
        7,
        7,
        7,
        7,
        7,
        7,
        7,
        null,
        null,
        1,
        1,
        1,
        1,
        1,
        1,
        1,
        1,
        null,
        null,
        1,
        6,
        6,
        6,
        6,
        null,
        null,
        1,
        19,
        19,
        19,
        19,
        19,
        19,
        19,
        19,
        null,
        null,
        1,
        7,
        7,
        7,
        7,
        null
      ],
      "/Users/rickclark/Documents/Makers/makersbnb/spec/features/creating_request_spec.rb": [
        1,
        null,
        4,
        4,
        4,
        4,
        4,
        4,
        2,
        2,
        2,
        2,
        2,
        null,
        1,
        1,
        1,
        1,
        1,
        1,
        1,
        null,
        null,
        1,
        1,
        1,
        1,
        1,
        1,
        4,
        1,
        null,
        null,
        1,
        1,
        null,
        null,
        null,
        null,
        1,
        null,
        null,
        null,
        null,
        null,
        null,
        1,
        1,
        null,
        null,
        null,
        1,
        1,
        1,
        4,
        null,
        null,
        null
      ],
      "/Users/rickclark/Documents/Makers/makersbnb/spec/features/list_new_space_spec.rb": [
        null,
        null,
        null,
        null,
        1,
        null,
        7,
        7,
        7,
        7,
        7,
        7,
        null,
        1,
        1,
        1,
        1,
        null,
        null,
        1,
        1,
        1,
        null,
        null,
        1,
        1,
        1,
        1,
        1,
        null,
        null,
        1,
        1,
        1,
        1,
        1,
        null,
        1,
        1,
        1,
        1,
        null,
        1,
        1,
        1,
        1,
        null,
        1,
        1,
        1,
        1,
        null,
        1,
        1,
        1,
        1,
        null,
        1,
        1,
        1,
        1,
        null,
        null,
        null
      ],
      "/Users/rickclark/Documents/Makers/makersbnb/spec/features/see_requests_spec.rb": [
        null,
        null,
        null,
        null,
        1,
        null,
        3,
        3,
        3,
        3,
        3,
        3,
        null,
        null,
        1,
        1,
        1,
        1,
        1,
        1,
        1,
        1,
        1,
        1,
        null,
        null,
        1,
        1,
        1,
        1,
        1,
        1,
        1,
        1,
        null,
        null,
        1,
        1,
        1,
        null,
        null,
        null
      ],
      "/Users/rickclark/Documents/Makers/makersbnb/spec/features/see_spaces_spec.rb": [
        1,
        3,
        3,
        3,
        3,
        3,
        3,
        2,
        2,
        2,
        2,
        2,
        null,
        1,
        1,
        1,
        null,
        null,
        1,
        1,
        1,
        1,
        1,
        1,
        1,
        1,
        1,
        null,
        null,
        1,
        1,
        null,
        null,
        null,
        null,
        1,
        10,
        null,
        null,
        null,
        null,
        null,
        null,
        null,
        1,
        1,
        null,
        null
      ],
      "/Users/rickclark/Documents/Makers/makersbnb/spec/features/signing_in_spec.rb": [
        1,
        1,
        1,
        1,
        1,
        1,
        1,
        1,
        1,
        null,
        1,
        1,
        1,
        1,
        1,
        1,
        1,
        null,
        null,
        null,
        1,
        1,
        1,
        1,
        null,
        null,
        null
      ],
      "/Users/rickclark/Documents/Makers/makersbnb/spec/features/signing_out_spec.rb": [
        1,
        1,
        1,
        1,
        1,
        null,
        1,
        1,
        null,
        null,
        null,
        1,
        1,
        1,
        1,
        null,
        null,
        null
      ],
      "/Users/rickclark/Documents/Makers/makersbnb/spec/features/signing_up_user_spec.rb": [
        1,
        1,
        4,
        null,
        1,
        1,
        1,
        1,
        null,
        1,
        4,
        null,
        null
      ],
      "/Users/rickclark/Documents/Makers/makersbnb/spec/features/view_single_request_spec.rb": [
        1,
        null,
        6,
        6,
        6,
        6,
        6,
        6,
        null,
        1,
        1,
        1,
        1,
        1,
        1,
        1,
        1,
        1,
        1,
        1,
        null,
        null,
        1,
        1,
        1,
        1,
        1,
        1,
        1,
        1,
        1,
        1,
        1,
        1,
        1,
        null,
        1,
        1,
        1,
        1,
        1,
        1,
        1,
        1,
        1,
        1,
        1,
        1,
        null,
        null,
        null,
        1,
        1,
        1,
        1,
        1,
        1,
        1,
        1,
        1,
        1,
        1,
        1,
        null,
        1,
        1,
        1,
        1,
        1,
        1,
        1,
        1,
        1,
        1,
        1,
        1,
        null,
        null,
        null
      ],
      "/Users/rickclark/Documents/Makers/makersbnb/spec/features/view_single_space_spec.rb": [
        1,
        null,
        2,
        2,
        2,
        2,
        2,
        2,
        null,
        null,
        1,
        1,
        1,
        1,
        1,
        1,
        null,
        null,
        null
      ],
      "/Users/rickclark/Documents/Makers/makersbnb/spec/unit/request_spec.rb": [
        1,
        null,
        2,
        2,
        2,
        2,
        2,
        2,
        null,
        null,
        1,
        null,
        1,
        1,
        1,
        1,
        1,
        1,
        1,
        null,
        null,
        null
      ],
      "/Users/rickclark/Documents/Makers/makersbnb/spec/unit/space_spec.rb": [
        1,
        1,
        null,
        2,
        2,
        2,
        2,
        2,
        null,
        2,
        null,
        2,
        2,
        2,
        null,
        1,
        1,
        2,
        2,
        2,
        2,
        2,
        1,
        null,
        null,
        null,
        null
      ],
      "/Users/rickclark/Documents/Makers/makersbnb/spec/unit/user_spec.rb": [
        1,
        null,
        3,
        3,
        3,
        3,
        3,
        null,
        1,
        null,
        1,
        1,
        2,
        null,
        null,
        1,
        1,
        1,
        1,
        null,
        null,
        1,
        1,
        1,
        null,
        null,
        null,
        null
      ]
    },
    "timestamp": 1486733990
  }
}
