{
  "RSpec": {
    "coverage": {
      "/Users/pedrocastanheira/Projects/makersbnb/app/app.rb": [
        1,
        1,
        1,
        1,
        null,
        1,
        1,
        null,
        1,
        1,
        1,
        1,
        null,
        1
      ],
      "/Users/pedrocastanheira/Projects/makersbnb/app/dmconfig.rb": [
        1,
        1,
        null,
        1,
        1,
        1,
        null,
        1,
        1
      ],
      "/Users/pedrocastanheira/Projects/makersbnb/app/models/space.rb": [
        1,
        null,
        1,
        null,
        1,
        null,
        1,
        1,
        1,
        1,
        1,
        1,
        null,
        1,
        1,
        null,
        null
      ],
      "/Users/pedrocastanheira/Projects/makersbnb/app/models/user.rb": [
        1,
        1,
        null,
        1,
        1,
        null,
        1,
        1,
        1,
        1,
        1,
        null,
        1,
        1,
        null,
        1,
        1,
        null,
        1,
        null,
        1,
        6,
        6,
        4,
        null,
        null,
        null,
        null,
        null
      ],
      "/Users/pedrocastanheira/Projects/makersbnb/app/models/request.rb": [
        1,
        null,
        1,
        1,
        null,
        1,
        1,
        1,
        null,
        1,
        1,
        null
      ],
      "/Users/pedrocastanheira/Projects/makersbnb/app/server.rb": [
        1,
        null,
        1,
        1,
        1,
        1,
        1,
        1,
        1,
        1,
        null,
        1,
        1,
        71,
        null,
        null,
        null,
        1,
        48,
        null,
        null
      ],
      "/Users/pedrocastanheira/Projects/makersbnb/app/controllers/users.rb": [
        1,
        1,
        24,
        null,
        null,
        1,
        24,
        null,
        null,
        null,
        null,
        24,
        22,
        22,
        null,
        2,
        2,
        null,
        null,
        null
      ],
      "/Users/pedrocastanheira/Projects/makersbnb/app/controllers/spaces.rb": [
        1,
        null,
        1,
        1,
        48,
        null,
        null,
        null,
        1,
        48,
        48,
        null,
        null,
        1,
        18,
        null,
        null,
        1,
        13,
        null,
        null,
        null,
        null,
        null,
        13,
        8,
        null,
        5,
        5,
        null,
        null,
        null,
        1,
        5,
        5,
        null,
        null
      ],
      "/Users/pedrocastanheira/Projects/makersbnb/app/controllers/sessions.rb": [
        1,
        null,
        1,
        4,
        null,
        null,
        1,
        4,
        4,
        3,
        3,
        null,
        1,
        1,
        null,
        null,
        null,
        1,
        6,
        6,
        6,
        null,
        null
      ],
      "/Users/pedrocastanheira/Projects/makersbnb/app/controllers/requests.rb": [
        1,
        null,
        1,
        4,
        4,
        null,
        null,
        null,
        4,
        null,
        null,
        1,
        3,
        3,
        3,
        null,
        null,
        1,
        1,
        1,
        null,
        null,
        null
      ],
      "/Users/pedrocastanheira/Projects/makersbnb/spec/web_helpers.rb": [
        1,
        20,
        20,
        20,
        20,
        20,
        20,
        20,
        null,
        null,
        1,
        3,
        3,
        3,
        3,
        3,
        3,
        3,
        null,
        null,
        1,
        1,
        1,
        1,
        1,
        1,
        1,
        1,
        null,
        null,
        1,
        2,
        2,
        2,
        2,
        null,
        null,
        1,
        13,
        13,
        13,
        13,
        13,
        13,
        13,
        null,
        null,
        1,
        3,
        3,
        3,
        3,
        null
      ],
      "/Users/pedrocastanheira/Projects/makersbnb/spec/features/creating_request_spec.rb": [
        1,
        null,
        2,
        2,
        2,
        2,
        2,
        null,
        1,
        0,
        0,
        0,
        0,
        null,
        null,
        1,
        0,
        0,
        null,
        null,
        1,
        1,
        1,
        1,
        1,
        1,
        4,
        null,
        null,
        null
      ],
      "/Users/pedrocastanheira/Projects/makersbnb/spec/features/list_new_space_spec.rb": [
        null,
        null,
        null,
        null,
        1,
        null,
        6,
        6,
        6,
        6,
        6,
        null,
        1,
        1,
        1,
        1,
        null,
        null,
        1,
        0,
        0,
        null,
        null,
        1,
        1,
        1,
        1,
        1,
        null,
        null,
        1,
        1,
        1,
        1,
        1,
        null,
        1,
        1,
        1,
        1,
        null,
        1,
        1,
        1,
        1,
        null,
        1,
        1,
        1,
        1,
        null,
        1,
        1,
        1,
        1,
        null,
        null,
        null
      ],
      "/Users/pedrocastanheira/Projects/makersbnb/spec/features/managing_requests_spec.rb": [
        null,
        null,
        null,
        null,
        1,
        null,
        3,
        3,
        3,
        3,
        3,
        null,
        1,
        1,
        1,
        1,
        1,
        1,
        1,
        1,
        1,
        1,
        null,
        null,
        1,
        1,
        1,
        1,
        1,
        1,
        1,
        1,
        null,
        null,
        1,
        0,
        0,
        null,
        null,
        null
      ],
      "/Users/pedrocastanheira/Projects/makersbnb/spec/features/see_spaces_spec.rb": [
        1,
        3,
        3,
        3,
        3,
        3,
        2,
        2,
        2,
        2,
        2,
        null,
        1,
        1,
        1,
        null,
        null,
        1,
        1,
        1,
        1,
        1,
        1,
        1,
        1,
        1,
        null,
        null,
        1,
        1,
        null,
        null,
        null,
        null,
        1,
        10,
        null,
        null,
        null,
        null,
        null,
        null,
        1,
        1,
        null,
        null
      ],
      "/Users/pedrocastanheira/Projects/makersbnb/spec/features/signing_in_spec.rb": [
        1,
        1,
        1,
        1,
        1,
        1,
        1,
        1,
        1,
        null,
        1,
        1,
        1,
        1,
        1,
        1,
        1,
        null,
        null,
        null,
        1,
        1,
        0,
        null,
        null,
        null
      ],
      "/Users/pedrocastanheira/Projects/makersbnb/spec/features/signing_out_spec.rb": [
        1,
        1,
        1,
        1,
        1,
        null,
        1,
        1,
        null,
        null,
        null,
        1,
        1,
        0,
        null,
        null,
        null
      ],
      "/Users/pedrocastanheira/Projects/makersbnb/spec/features/signing_up_user_spec.rb": [
        1,
        1,
        4,
        null,
        1,
        1,
        1,
        1,
        null,
        1,
        4,
        null,
        null
      ],
      "/Users/pedrocastanheira/Projects/makersbnb/spec/features/view_single_request_spec.rb": [
        1,
        null,
        2,
        2,
        2,
        2,
        2,
        null,
        1,
        1,
        1,
        1,
        1,
        1,
        1,
        1,
        1,
        1,
        0,
        0,
        null,
        null,
        null
      ],
      "/Users/pedrocastanheira/Projects/makersbnb/spec/features/view_single_space_spec.rb": [
        1,
        null,
        2,
        2,
        2,
        2,
        2,
        null,
        1,
        1,
        1,
        1,
        1,
        1,
        null,
        null,
        null
      ],
      "/Users/pedrocastanheira/Projects/makersbnb/spec/unit/request_spec.rb": [
        1,
        null,
        2,
        2,
        2,
        2,
        2,
        null,
        1,
        null,
        1,
        1,
        1,
        1,
        1,
        1,
        1,
        null,
        null,
        null
      ],
      "/Users/pedrocastanheira/Projects/makersbnb/spec/unit/user_spec.rb": [
        1,
        null,
        3,
        3,
        3,
        3,
        3,
        null,
        1,
        null,
        1,
        1,
        2,
        null,
        null,
        1,
        1,
        1,
        1,
        null,
        null,
        1,
        1,
        1,
        null,
        null,
        null,
        null
      ]
    },
    "timestamp": 1486573494
  }
}
